# Logfile created on 2013-12-28 09:47:12 -0500 by logger.rb/36483
I, [2013-12-28T09:47:12.205692 #66236]  INFO -- : 0:  rake (10.1.1) from /Users/akerl/.rbenv/versions/2.0.0-p247/lib/ruby/gems/2.0.0/specifications/rake-10.1.1.gemspec
I, [2013-12-28T09:47:12.206243 #66236]  INFO -- : 0:  ast (1.1.0) from /Users/akerl/.rbenv/versions/2.0.0-p247/lib/ruby/gems/2.0.0/specifications/ast-1.1.0.gemspec
I, [2013-12-28T09:47:12.206618 #66236]  INFO -- : 0:  basiccache (0.0.27) from /Users/akerl/.rbenv/versions/2.0.0-p247/lib/ruby/gems/2.0.0/specifications/basiccache-0.0.27.gemspec
I, [2013-12-28T09:47:12.206929 #66236]  INFO -- : 0:  multi_json (1.8.2) from /Users/akerl/.rbenv/versions/2.0.0-p247/lib/ruby/gems/2.0.0/specifications/multi_json-1.8.2.gemspec
I, [2013-12-28T09:47:13.470715 #66236]  INFO -- : 0:  mime-types (1.25.1) from /Users/akerl/.rbenv/versions/2.0.0-p247/lib/ruby/gems/2.0.0/specifications/mime-types-1.25.1.gemspec
I, [2013-12-28T09:47:13.471196 #66236]  INFO -- : 0:  rest-client (1.6.7) from /Users/akerl/.rbenv/versions/2.0.0-p247/lib/ruby/gems/2.0.0/specifications/rest-client-1.6.7.gemspec
I, [2013-12-28T09:47:13.471496 #66236]  INFO -- : 0:  docile (1.1.1) from /Users/akerl/.rbenv/versions/2.0.0-p247/lib/ruby/gems/2.0.0/specifications/docile-1.1.1.gemspec
I, [2013-12-28T09:47:13.471805 #66236]  INFO -- : 0:  simplecov-html (0.8.0) from /Users/akerl/.rbenv/versions/2.0.0-p247/lib/ruby/gems/2.0.0/specifications/simplecov-html-0.8.0.gemspec
I, [2013-12-28T09:47:13.472162 #66236]  INFO -- : 0:  simplecov (0.8.2) from /Users/akerl/.rbenv/versions/2.0.0-p247/lib/ruby/gems/2.0.0/specifications/simplecov-0.8.2.gemspec
I, [2013-12-28T09:47:13.472458 #66236]  INFO -- : 0:  tins (0.13.1) from /Users/akerl/.rbenv/versions/2.0.0-p247/lib/ruby/gems/2.0.0/specifications/tins-0.13.1.gemspec
I, [2013-12-28T09:47:13.472752 #66236]  INFO -- : 0:  term-ansicolor (1.2.2) from /Users/akerl/.rbenv/versions/2.0.0-p247/lib/ruby/gems/2.0.0/specifications/term-ansicolor-1.2.2.gemspec
I, [2013-12-28T09:47:13.473045 #66236]  INFO -- : 0:  thor (0.18.1) from /Users/akerl/.rbenv/versions/2.0.0-p247/lib/ruby/gems/2.0.0/specifications/thor-0.18.1.gemspec
I, [2013-12-28T09:47:13.473322 #66236]  INFO -- : 0:  coveralls (0.7.0) from /Users/akerl/.rbenv/versions/2.0.0-p247/lib/ruby/gems/2.0.0/specifications/coveralls-0.7.0.gemspec
I, [2013-12-28T09:47:13.473605 #66236]  INFO -- : 0:  curb (0.8.5) from /Users/akerl/.rbenv/versions/2.0.0-p247/lib/ruby/gems/2.0.0/specifications/curb-0.8.5.gemspec
I, [2013-12-28T09:47:13.473878 #66236]  INFO -- : 0:  diff-lcs (1.2.5) from /Users/akerl/.rbenv/versions/2.0.0-p247/lib/ruby/gems/2.0.0/specifications/diff-lcs-1.2.5.gemspec
I, [2013-12-28T09:47:13.474183 #66236]  INFO -- : 0:  rspec-core (2.14.7) from /Users/akerl/.rbenv/versions/2.0.0-p247/lib/ruby/gems/2.0.0/specifications/rspec-core-2.14.7.gemspec
I, [2013-12-28T09:47:13.474489 #66236]  INFO -- : 0:  rspec-expectations (2.14.4) from /Users/akerl/.rbenv/versions/2.0.0-p247/lib/ruby/gems/2.0.0/specifications/rspec-expectations-2.14.4.gemspec
I, [2013-12-28T09:47:13.474790 #66236]  INFO -- : 0:  rspec-mocks (2.14.4) from /Users/akerl/.rbenv/versions/2.0.0-p247/lib/ruby/gems/2.0.0/specifications/rspec-mocks-2.14.4.gemspec
I, [2013-12-28T09:47:13.475194 #66236]  INFO -- : 0:  rspec (2.14.1) from /Users/akerl/.rbenv/versions/2.0.0-p247/lib/ruby/gems/2.0.0/specifications/rspec-2.14.1.gemspec
I, [2013-12-28T09:47:13.475742 #66236]  INFO -- : 0:  ruby-progressbar (1.3.2) from /Users/akerl/.rbenv/versions/2.0.0-p247/lib/ruby/gems/2.0.0/specifications/ruby-progressbar-1.3.2.gemspec
I, [2013-12-28T09:47:13.476111 #66236]  INFO -- : 0:  fuubar (1.3.2) from /Users/akerl/.rbenv/versions/2.0.0-p247/lib/ruby/gems/2.0.0/specifications/fuubar-1.3.2.gemspec
I, [2013-12-28T09:47:13.476465 #66236]  INFO -- : 0:  json (1.8.1) from /Users/akerl/.rbenv/versions/2.0.0-p247/lib/ruby/gems/2.0.0/specifications/json-1.8.1.gemspec
I, [2013-12-28T09:47:13.917705 #66236]  INFO -- : 0:  githubstats (0.2.5) from /Users/akerl/Code/githubstats/githubstats.gemspec
I, [2013-12-28T09:47:13.918297 #66236]  INFO -- : 0:  hashr (0.0.22) from /Users/akerl/.rbenv/versions/2.0.0-p247/lib/ruby/gems/2.0.0/specifications/hashr-0.0.22.gemspec
I, [2013-12-28T09:47:13.918671 #66236]  INFO -- : 0:  slop (3.4.7) from /Users/akerl/.rbenv/versions/2.0.0-p247/lib/ruby/gems/2.0.0/specifications/slop-3.4.7.gemspec
I, [2013-12-28T09:47:13.918995 #66236]  INFO -- : 0:  parser (2.1.1) from /Users/akerl/.rbenv/versions/2.0.0-p247/lib/ruby/gems/2.0.0/specifications/parser-2.1.1.gemspec
I, [2013-12-28T09:47:13.919305 #66236]  INFO -- : 0:  powerpack (0.0.9) from /Users/akerl/.rbenv/versions/2.0.0-p247/lib/ruby/gems/2.0.0/specifications/powerpack-0.0.9.gemspec
I, [2013-12-28T09:47:13.919693 #66236]  INFO -- : 0:  rainbow (1.99.1) from /Users/akerl/.rbenv/versions/2.0.0-p247/lib/ruby/gems/2.0.0/specifications/rainbow-1.99.1.gemspec
I, [2013-12-28T09:47:13.920030 #66236]  INFO -- : 0:  rubocop (0.16.0) from /Users/akerl/.rbenv/versions/2.0.0-p247/lib/ruby/gems/2.0.0/specifications/rubocop-0.16.0.gemspec
I, [2013-12-28T09:47:13.920339 #66236]  INFO -- : 0:  timecop (0.7.0) from /Users/akerl/.rbenv/versions/2.0.0-p247/lib/ruby/gems/2.0.0/specifications/timecop-0.7.0.gemspec
I, [2013-12-28T09:47:13.920638 #66236]  INFO -- : 0:  travis-lint (1.7.0) from /Users/akerl/.rbenv/versions/2.0.0-p247/lib/ruby/gems/2.0.0/specifications/travis-lint-1.7.0.gemspec
I, [2013-12-28T09:47:13.920906 #66236]  INFO -- : 0:  bundler (1.5.1) from /Users/akerl/.rbenv/versions/2.0.0-p247/lib/ruby/gems/2.0.0/specifications/bundler-1.5.1.gemspec
